2023-06-26 17:29:24.634038 - Processo de carga BigQuery customers - OK
--------------------------------------------------------------------------------
2023-06-26 17:30:09.711469 - Processo de carga BigQuery sellers - OK
--------------------------------------------------------------------------------
________________________________________________________________________________

2023-06-26 17:30:58.912836 - Processo de carga BigQuery customers - OK
--------------------------------------------------------------------------------
2023-06-26 17:31:47.405852 - Processo de carga BigQuery sellers - OK
--------------------------------------------------------------------------------
________________________________________________________________________________

2023-06-26 17:37:01.144802 - Processo de carga BigQuery customers - OK
26/06/2023 17:37:29
Erro: KeyboardInterrupt [while running 'Write to BigQuery/_StreamToBigQuery/StreamInsertRows/ParDo(BigQueryWriteFn)']
--------------------------------------------------------------------------------
2023-06-26 17:37:29.250826 - Processo de carga BigQuery sellers - OK
26/06/2023 17:37:30
Erro: KeyboardInterrupt [while running 'Load Parquet']
--------------------------------------------------------------------------------
________________________________________________________________________________

2023-06-27 09:31:05.266228 - Processo de carga BigQuery customers - OK
--------------------------------------------------------------------------------
________________________________________________________________________________

2023-06-27 09:35:11.766204 - Processo de carga BigQuery customers - OK
--------------------------------------------------------------------------------
________________________________________________________________________________

2023-06-27 09:39:51.529284 - Processo de carga BigQuery customers - OK
--------------------------------------------------------------------------------
________________________________________________________________________________

2023-06-27 11:15:44.976696 - Processo de carga BigQuery customers - OK
27/06/2023 11:15:45
Erro: olist_brasil_project/trusted/up_custumers.parquet [while running 'Load Parquet']
--------------------------------------------------------------------------------
________________________________________________________________________________

2023-06-27 11:18:23.049701 - Processo de carga BigQuery customers - OK
27/06/2023 11:18:23
Erro: olist_brasil_project/trusted/up_custumers.parquet [while running 'Load Parquet']
--------------------------------------------------------------------------------
________________________________________________________________________________

2023-06-27 11:24:00.362631 - Processo de carga BigQuery customers - OK
27/06/2023 11:24:00
Erro: olist_brasil_project/trusted/up_customers.parquet [while running 'Load Parquet']
--------------------------------------------------------------------------------
________________________________________________________________________________

2023-06-27 11:26:01.547039 - Processo de carga BigQuery customers - OK
27/06/2023 11:26:02
Erro: olist_brasil_project/trusted/up_customers.parquet [while running 'Load Parquet']
--------------------------------------------------------------------------------
________________________________________________________________________________

2023-06-27 11:33:08.095350 - Processo de carga BigQuery customers - OK
27/06/2023 11:33:08
Erro: olist_brasil_project/trusted/up_customers.parquet [while running 'Load Parquet']
--------------------------------------------------------------------------------
________________________________________________________________________________

2023-06-27 11:57:34.985030 - Processo de carga BigQuery customers - OK
--------------------------------------------------------------------------------
________________________________________________________________________________

2023-06-27 12:13:09.540548 - Processo de carga BigQuery customers - OK
--------------------------------------------------------------------------------
________________________________________________________________________________

2023-07-01 15:59:31.347233 - Processo de carga BigQuery customers - OK
--------------------------------------------------------------------------------
2023-07-01 16:00:08.305517 - Processo de carga BigQuery geolocation - OK
01/07/2023 16:00:09
Geolocation -> Erro: "customer_id [while running 'Sort by customer_id']"
--------------------------------------------------------------------------------
2023-07-01 16:00:09.938631 - Processo de carga BigQuery items - OK
01/07/2023 16:00:12
Ítems -> Erro: "customer_id [while running 'Sort by customer_id']"
--------------------------------------------------------------------------------
2023-07-01 16:00:12.973943 - Processo de carga BigQuery orders - OK
01/07/2023 16:00:53
Oreders -> Erro: KeyboardInterrupt [while running 'Write to BigQuery/_StreamToBigQuery/StreamInsertRows/ParDo(BigQueryWriteFn)']
--------------------------------------------------------------------------------
2023-07-01 16:00:53.662735 - Processo de carga BigQuery payments - OK
01/07/2023 16:00:55
Payments -> Erro: "customer_id [while running 'Sort by customer_id']"
--------------------------------------------------------------------------------
2023-07-01 16:00:56.062252 - Processo de carga BigQuery products - OK
01/07/2023 16:00:57
Products -> Erro: "customer_id [while running 'Sort by customer_id']"
--------------------------------------------------------------------------------
2023-07-01 16:00:57.856798 - Processo de carga BigQuery reviews - OK
01/07/2023 16:01:00
Reviews -> Erro: "customer_id [while running 'Sort by customer_id']"
--------------------------------------------------------------------------------
2023-07-01 16:01:00.263929 - Processo de carga BigQuery sellers - OK
01/07/2023 16:01:01
Sellers -> Erro: "customer_id [while running 'Sort by customer_id']"
--------------------------------------------------------------------------------
________________________________________________________________________________

2023-07-01 16:08:10.981413 - Processo de carga BigQuery customers - OK
--------------------------------------------------------------------------------
2023-07-01 16:08:46.448744 - Processo de carga BigQuery geolocation - OK
--------------------------------------------------------------------------------
2023-07-01 16:08:57.555981 - Processo de carga BigQuery items - OK
01/07/2023 16:09:17
Ítems -> Erro: KeyboardInterrupt [while running 'Write to BigQuery/_StreamToBigQuery/StreamInsertRows/ParDo(BigQueryWriteFn)']
--------------------------------------------------------------------------------
2023-07-01 16:09:17.402897 - Processo de carga BigQuery orders - OK
01/07/2023 16:09:29
Oreders -> Erro: KeyboardInterrupt [while running 'Write to BigQuery/_StreamToBigQuery/StreamInsertRows/ParDo(BigQueryWriteFn)']
--------------------------------------------------------------------------------
2023-07-01 16:09:29.974856 - Processo de carga BigQuery payments - OK
--------------------------------------------------------------------------------
2023-07-01 16:10:10.443705 - Processo de carga BigQuery products - OK
--------------------------------------------------------------------------------
2023-07-01 16:10:26.750412 - Processo de carga BigQuery reviews - OK
01/07/2023 16:10:40
Reviews -> Erro: KeyboardInterrupt [while running 'Write to BigQuery/_StreamToBigQuery/StreamInsertRows/ParDo(BigQueryWriteFn)']
--------------------------------------------------------------------------------
2023-07-01 16:10:40.652927 - Processo de carga BigQuery sellers - OK
--------------------------------------------------------------------------------
________________________________________________________________________________

2023-07-01 16:48:03.212153 - Customers -> Processo de carga BigQuery - OK
--------------------------------------------------------------------------------
2023-07-01 16:48:39.497820 - Processo de carga BigQuery geolocation - OK
--------------------------------------------------------------------------------
2023-07-01 16:48:51.208734 - Processo de carga BigQuery items - OK
01/07/2023 16:48:54
Ítems -> Erro: time data '2017-09-19 09:45:35' does not match format '%d/%m/%Y %H:%M:%S' [while running 'Format Output']
--------------------------------------------------------------------------------
2023-07-01 16:48:54.214185 - Processo de carga BigQuery orders - OK
01/07/2023 16:48:58
Oreders -> Erro: time data '2017-09-13 08:59:02' does not match format '%d/%m/%Y %H:%M:%S' [while running 'Format Output']
--------------------------------------------------------------------------------
2023-07-01 16:48:58.247029 - Processo de carga BigQuery payments - OK
--------------------------------------------------------------------------------
2023-07-01 16:49:31.859732 - Processo de carga BigQuery products - OK
--------------------------------------------------------------------------------
2023-07-01 16:49:48.115503 - Processo de carga BigQuery reviews - OK
01/07/2023 16:49:51
Reviews -> Erro: time data 'None' does not match format '%d/%m/%Y %H:%M:%S' [while running 'Format Output']
--------------------------------------------------------------------------------
2023-07-01 16:49:51.961248 - Processo de carga BigQuery sellers - OK
--------------------------------------------------------------------------------
________________________________________________________________________________

2023-07-01 16:55:01.737022 - Customers -> Processo de carga BigQuery - OK
--------------------------------------------------------------------------------
2023-07-01 16:55:38.467940 - Processo de carga BigQuery geolocation - OK
--------------------------------------------------------------------------------
2023-07-01 16:55:49.423502 - Processo de carga BigQuery items - OK
--------------------------------------------------------------------------------
2023-07-01 16:56:32.835929 - Processo de carga BigQuery orders - OK
01/07/2023 16:56:36
Orders -> Erro: time data '' does not match format '%Y-%m-%d %H:%M:%S' [while running 'Format Output']
--------------------------------------------------------------------------------
2023-07-01 16:56:36.631598 - Processo de carga BigQuery payments - OK
--------------------------------------------------------------------------------
2023-07-01 16:57:09.493778 - Processo de carga BigQuery products - OK
--------------------------------------------------------------------------------
2023-07-01 16:57:24.386749 - Processo de carga BigQuery reviews - OK
01/07/2023 16:57:27
Reviews -> Erro: time data 'None' does not match format '%Y-%m-%d %H:%M:%S' [while running 'Format Output']
--------------------------------------------------------------------------------
2023-07-01 16:57:28.008372 - Processo de carga BigQuery sellers - OK
--------------------------------------------------------------------------------
________________________________________________________________________________

2023-07-01 17:05:26.102382 - Processo de carga BigQuery orders - OK
--------------------------------------------------------------------------------
2023-07-01 17:06:21.155091 - Processo de carga BigQuery payments - OK
--------------------------------------------------------------------------------
2023-07-01 17:06:57.371991 - Processo de carga BigQuery products - OK
--------------------------------------------------------------------------------
2023-07-01 17:07:13.587400 - Processo de carga BigQuery reviews - OK
01/07/2023 17:07:17
Reviews -> Erro: time data 'None' does not match format '%Y-%m-%d %H:%M:%S' [while running 'Format Output']
--------------------------------------------------------------------------------
2023-07-01 17:07:17.550781 - Processo de carga BigQuery sellers - OK
--------------------------------------------------------------------------------
________________________________________________________________________________

2023-07-01 17:09:16.799805 - Processo de carga BigQuery reviews - OK
01/07/2023 17:09:20
Reviews -> Erro: time data 'None' does not match format '%Y-%m-%d %H:%M:%S' [while running 'Format Output']
--------------------------------------------------------------------------------
________________________________________________________________________________

2023-07-01 17:11:53.988711 - Processo de carga BigQuery reviews - OK
01/07/2023 17:11:57
Reviews -> Erro: time data ' VEIO COMO EU ESPERAVA.' does not match format '%Y-%m-%d %H:%M:%S' [while running 'Format Output']
--------------------------------------------------------------------------------
________________________________________________________________________________

2023-07-01 17:15:47.933485 - Processo de carga BigQuery reviews - OK
--------------------------------------------------------------------------------
________________________________________________________________________________

2023-07-01 17:52:45.468842 - Customers -> Processo de carga BigQuery - OK
--------------------------------------------------------------------------------
2023-07-01 17:53:19.782610 - Processo de carga BigQuery geolocation - OK
--------------------------------------------------------------------------------
2023-07-01 17:53:30.619735 - Processo de carga BigQuery items - OK
--------------------------------------------------------------------------------
2023-07-01 17:54:16.883737 - Processo de carga BigQuery orders - OK
--------------------------------------------------------------------------------
2023-07-01 17:55:14.668064 - Processo de carga BigQuery payments - OK
--------------------------------------------------------------------------------
2023-07-01 17:55:48.420917 - Processo de carga BigQuery products - OK
--------------------------------------------------------------------------------
2023-07-01 17:56:03.871061 - Processo de carga BigQuery reviews - OK
--------------------------------------------------------------------------------
2023-07-01 17:56:52.377576 - Processo de carga BigQuery sellers - OK
--------------------------------------------------------------------------------
________________________________________________________________________________

2023-07-01 18:36:41.414055 - Processo de carga BigQuery customers - OK
--------------------------------------------------------------------------------
2023-07-01 18:37:19.517253 - Processo de carga BigQuery geolocation - OK
--------------------------------------------------------------------------------
2023-07-01 18:37:33.027884 - Processo de carga BigQuery items - OK
--------------------------------------------------------------------------------
2023-07-01 18:38:20.580956 - Processo de carga BigQuery orders - OK
2023-07-01 18:51:01.796522 - Processo de carga BigQuery customers - OK
01/07/2023 18:51:17
Customers -> Erro: KeyboardInterrupt [while running 'Write to BigQuery/_StreamToBigQuery/StreamInsertRows/ParDo(BigQueryWriteFn)']
--------------------------------------------------------------------------------
2023-07-01 18:51:17.304588 - Processo de carga BigQuery geolocation - OK
2023-07-01 20:21:37.317864 - Processo de carga BigQuery customers - OK
--------------------------------------------------------------------------------
2023-07-01 20:22:12.105444 - Processo de carga BigQuery geolocation - OK
--------------------------------------------------------------------------------
2023-07-01 20:22:23.730243 - Processo de carga BigQuery items - OK
--------------------------------------------------------------------------------
2023-07-01 20:23:11.626987 - Processo de carga BigQuery orders - OK
--------------------------------------------------------------------------------
2023-07-01 20:24:03.665521 - Processo de carga BigQuery payments - OK
--------------------------------------------------------------------------------
2023-07-01 20:24:37.994629 - Processo de carga BigQuery products - OK
--------------------------------------------------------------------------------
2023-07-01 20:24:53.788286 - Processo de carga BigQuery reviews - OK
--------------------------------------------------------------------------------
2023-07-01 20:25:40.966296 - Processo de carga BigQuery sellers - OK
--------------------------------------------------------------------------------
________________________________________________________________________________

2023-07-01 20:43:38.156967 - Processo de carga BigQuery customers - OK
--------------------------------------------------------------------------------
2023-07-01 20:44:16.109083 - Processo de carga BigQuery geolocation - OK
--------------------------------------------------------------------------------
2023-07-01 20:44:26.376012 - Processo de carga BigQuery items - OK
--------------------------------------------------------------------------------
2023-07-01 20:45:08.982657 - Processo de carga BigQuery orders - OK
--------------------------------------------------------------------------------
2023-07-01 20:46:00.987041 - Processo de carga BigQuery payments - OK
--------------------------------------------------------------------------------
2023-07-01 20:46:32.775334 - Processo de carga BigQuery products - OK
--------------------------------------------------------------------------------
2023-07-01 20:46:47.629269 - Processo de carga BigQuery reviews - OK
--------------------------------------------------------------------------------
2023-07-01 20:47:35.355104 - Processo de carga BigQuery sellers - OK
--------------------------------------------------------------------------------
________________________________________________________________________________

2023-07-01 22:07:15.083676 - Processo de carga BigQuery customers - OK
--------------------------------------------------------------------------------
2023-07-01 22:07:55.299957 - Processo de carga BigQuery geolocation - OK
--------------------------------------------------------------------------------
2023-07-01 22:08:06.132420 - Processo de carga BigQuery items - OK
--------------------------------------------------------------------------------
2023-07-01 22:08:53.223559 - Processo de carga BigQuery orders - OK
--------------------------------------------------------------------------------
2023-07-01 22:09:51.496047 - Processo de carga BigQuery payments - OK
--------------------------------------------------------------------------------
2023-07-01 22:10:25.197488 - Processo de carga BigQuery products - OK
--------------------------------------------------------------------------------
2023-07-01 22:10:42.870795 - Processo de carga BigQuery reviews - OK
--------------------------------------------------------------------------------
2023-07-01 22:11:35.621108 - Processo de carga BigQuery sellers - OK
--------------------------------------------------------------------------------
________________________________________________________________________________

-------------------------------------------------------------------------------- 
04/07/2023 14:27:38 - carga_refined_customers - Unknown error: google::cloud::Status(UNKNOWN: Permanent error GetObjectMetadata: Could not create a OAuth2 access token to authenticate the request. The request was not sent, as such an access token is required to complete the request successfully. Learn more about Google Cloud authentication at https://cloud.google.com/docs/authentication. The underlying error message was: Cannot open credentials file /home/michel/Documentos/Chave/olist-brasil-project-1646e2167a8f.json) [while running 'Load Parquet']
-------------------------------------------------------------------------------- 
04/07/2023 14:27:38 - carga_refined_geolocation - Unknown error: google::cloud::Status(UNKNOWN: Permanent error GetObjectMetadata: Could not create a OAuth2 access token to authenticate the request. The request was not sent, as such an access token is required to complete the request successfully. Learn more about Google Cloud authentication at https://cloud.google.com/docs/authentication. The underlying error message was: Cannot open credentials file /home/michel/Documentos/Chave/olist-brasil-project-1646e2167a8f.json) [while running 'Load Parquet']
-------------------------------------------------------------------------------- 
04/07/2023 14:27:39 - carga_refined_items - Unknown error: google::cloud::Status(UNKNOWN: Permanent error GetObjectMetadata: Could not create a OAuth2 access token to authenticate the request. The request was not sent, as such an access token is required to complete the request successfully. Learn more about Google Cloud authentication at https://cloud.google.com/docs/authentication. The underlying error message was: Cannot open credentials file /home/michel/Documentos/Chave/olist-brasil-project-1646e2167a8f.json) [while running 'Load Parquet']
-------------------------------------------------------------------------------- 
04/07/2023 14:27:39 - carga_refined_orders - Unknown error: google::cloud::Status(UNKNOWN: Permanent error GetObjectMetadata: Could not create a OAuth2 access token to authenticate the request. The request was not sent, as such an access token is required to complete the request successfully. Learn more about Google Cloud authentication at https://cloud.google.com/docs/authentication. The underlying error message was: Cannot open credentials file /home/michel/Documentos/Chave/olist-brasil-project-1646e2167a8f.json) [while running 'Load Parquet']
-------------------------------------------------------------------------------- 
04/07/2023 14:27:39 - carga_refined_payments - Unknown error: google::cloud::Status(UNKNOWN: Permanent error GetObjectMetadata: Could not create a OAuth2 access token to authenticate the request. The request was not sent, as such an access token is required to complete the request successfully. Learn more about Google Cloud authentication at https://cloud.google.com/docs/authentication. The underlying error message was: Cannot open credentials file /home/michel/Documentos/Chave/olist-brasil-project-1646e2167a8f.json) [while running 'Load Parquet']
-------------------------------------------------------------------------------- 
04/07/2023 14:27:39 - carga_refined_products - Unknown error: google::cloud::Status(UNKNOWN: Permanent error GetObjectMetadata: Could not create a OAuth2 access token to authenticate the request. The request was not sent, as such an access token is required to complete the request successfully. Learn more about Google Cloud authentication at https://cloud.google.com/docs/authentication. The underlying error message was: Cannot open credentials file /home/michel/Documentos/Chave/olist-brasil-project-1646e2167a8f.json) [while running 'Load Parquet']
-------------------------------------------------------------------------------- 
04/07/2023 14:27:40 - carga_refined_reviews - Unknown error: google::cloud::Status(UNKNOWN: Permanent error GetObjectMetadata: Could not create a OAuth2 access token to authenticate the request. The request was not sent, as such an access token is required to complete the request successfully. Learn more about Google Cloud authentication at https://cloud.google.com/docs/authentication. The underlying error message was: Cannot open credentials file /home/michel/Documentos/Chave/olist-brasil-project-1646e2167a8f.json) [while running 'Load Parquet']
-------------------------------------------------------------------------------- 
04/07/2023 14:27:40 - carga_refined_sellers - Unknown error: google::cloud::Status(UNKNOWN: Permanent error GetObjectMetadata: Could not create a OAuth2 access token to authenticate the request. The request was not sent, as such an access token is required to complete the request successfully. Learn more about Google Cloud authentication at https://cloud.google.com/docs/authentication. The underlying error message was: Cannot open credentials file /home/michel/Documentos/Chave/olist-brasil-project-1646e2167a8f.json) [while running 'Load Parquet']
-------------------------------------------------------------------------------- 
04/07/2023 21:11:16 - carga_refined_customers - Unknown error: google::cloud::Status(UNKNOWN: Permanent error GetObjectMetadata: Could not create a OAuth2 access token to authenticate the request. The request was not sent, as such an access token is required to complete the request successfully. Learn more about Google Cloud authentication at https://cloud.google.com/docs/authentication. The underlying error message was: Cannot open credentials file /home/michel/Documentos/Chave/olist-brasil-project-1646e2167a8f.json) [while running 'Load Parquet']
-------------------------------------------------------------------------------- 
04/07/2023 21:11:17 - carga_refined_geolocation - Unknown error: google::cloud::Status(UNKNOWN: Permanent error GetObjectMetadata: Could not create a OAuth2 access token to authenticate the request. The request was not sent, as such an access token is required to complete the request successfully. Learn more about Google Cloud authentication at https://cloud.google.com/docs/authentication. The underlying error message was: Cannot open credentials file /home/michel/Documentos/Chave/olist-brasil-project-1646e2167a8f.json) [while running 'Load Parquet']
-------------------------------------------------------------------------------- 
04/07/2023 21:11:17 - carga_refined_items - Unknown error: google::cloud::Status(UNKNOWN: Permanent error GetObjectMetadata: Could not create a OAuth2 access token to authenticate the request. The request was not sent, as such an access token is required to complete the request successfully. Learn more about Google Cloud authentication at https://cloud.google.com/docs/authentication. The underlying error message was: Cannot open credentials file /home/michel/Documentos/Chave/olist-brasil-project-1646e2167a8f.json) [while running 'Load Parquet']
-------------------------------------------------------------------------------- 
04/07/2023 21:11:17 - carga_refined_orders - Unknown error: google::cloud::Status(UNKNOWN: Permanent error GetObjectMetadata: Could not create a OAuth2 access token to authenticate the request. The request was not sent, as such an access token is required to complete the request successfully. Learn more about Google Cloud authentication at https://cloud.google.com/docs/authentication. The underlying error message was: Cannot open credentials file /home/michel/Documentos/Chave/olist-brasil-project-1646e2167a8f.json) [while running 'Load Parquet']
-------------------------------------------------------------------------------- 
04/07/2023 21:11:17 - carga_refined_payments - Unknown error: google::cloud::Status(UNKNOWN: Permanent error GetObjectMetadata: Could not create a OAuth2 access token to authenticate the request. The request was not sent, as such an access token is required to complete the request successfully. Learn more about Google Cloud authentication at https://cloud.google.com/docs/authentication. The underlying error message was: Cannot open credentials file /home/michel/Documentos/Chave/olist-brasil-project-1646e2167a8f.json) [while running 'Load Parquet']
-------------------------------------------------------------------------------- 
04/07/2023 21:11:18 - carga_refined_products - Unknown error: google::cloud::Status(UNKNOWN: Permanent error GetObjectMetadata: Could not create a OAuth2 access token to authenticate the request. The request was not sent, as such an access token is required to complete the request successfully. Learn more about Google Cloud authentication at https://cloud.google.com/docs/authentication. The underlying error message was: Cannot open credentials file /home/michel/Documentos/Chave/olist-brasil-project-1646e2167a8f.json) [while running 'Load Parquet']
-------------------------------------------------------------------------------- 
04/07/2023 21:11:18 - carga_refined_reviews - Unknown error: google::cloud::Status(UNKNOWN: Permanent error GetObjectMetadata: Could not create a OAuth2 access token to authenticate the request. The request was not sent, as such an access token is required to complete the request successfully. Learn more about Google Cloud authentication at https://cloud.google.com/docs/authentication. The underlying error message was: Cannot open credentials file /home/michel/Documentos/Chave/olist-brasil-project-1646e2167a8f.json) [while running 'Load Parquet']
-------------------------------------------------------------------------------- 
04/07/2023 21:11:19 - carga_refined_sellers - Unknown error: google::cloud::Status(UNKNOWN: Permanent error GetObjectMetadata: Could not create a OAuth2 access token to authenticate the request. The request was not sent, as such an access token is required to complete the request successfully. Learn more about Google Cloud authentication at https://cloud.google.com/docs/authentication. The underlying error message was: Cannot open credentials file /home/michel/Documentos/Chave/olist-brasil-project-1646e2167a8f.json) [while running 'Load Parquet']
-------------------------------------------------------------------------------- 
04/07/2023 21:31:09 - carga_refined_customers - Sucesso
-------------------------------------------------------------------------------- 
04/07/2023 21:31:19 - carga_refined_geolocation - Sucesso
-------------------------------------------------------------------------------- 
04/07/2023 21:31:54 - carga_refined_items - Sucesso
-------------------------------------------------------------------------------- 
04/07/2023 21:32:43 - carga_refined_orders - Sucesso
-------------------------------------------------------------------------------- 
04/07/2023 21:33:10 - carga_refined_payments - Sucesso
-------------------------------------------------------------------------------- 
04/07/2023 21:33:24 - carga_refined_products - Sucesso
-------------------------------------------------------------------------------- 
04/07/2023 21:34:04 - carga_refined_reviews - Sucesso
-------------------------------------------------------------------------------- 
04/07/2023 21:34:09 - carga_refined_sellers - Sucesso
